[2015-08-17 22:02:53 [ERROR]] The value NIL is not of type STRING.
Backtrace for: #<SB-THREAD:THREAD "hunchentoot-worker-127.0.0.1:40678" RUNNING {DAEF4A9}>
0: (PARSE-INTEGER NIL :JUNK-ALLOWED T) [more,optional]
1: (WHEREISJOB::CONTROLLER-JOB)
2: ((:METHOD HUNCHENTOOT:HANDLE-REQUEST (HUNCHENTOOT:ACCEPTOR HUNCHENTOOT:REQUEST)) #<HUNCHENTOOT:EASY-ACCEPTOR (host *, port 8083)> #<HUNCHENTOOT:REQUEST {DAF4DD9}>) [fast-method]
3: ((:METHOD HUNCHENTOOT:PROCESS-REQUEST (T)) #<HUNCHENTOOT:REQUEST {DAF4DD9}>) [fast-method]
4: (HUNCHENTOOT::DO-WITH-ACCEPTOR-REQUEST-COUNT-INCREMENTED #<HUNCHENTOOT:EASY-ACCEPTOR (host *, port 8083)> #<CLOSURE (LAMBDA NIL :IN HUNCHENTOOT:PROCESS-CONNECTION) {DAF45ED}>)
5: ((:METHOD HUNCHENTOOT:PROCESS-CONNECTION (HUNCHENTOOT:ACCEPTOR T)) #<HUNCHENTOOT:EASY-ACCEPTOR (host *, port 8083)> #<USOCKET:STREAM-USOCKET {DAEE981}>) [fast-method]
6: ((:METHOD HUNCHENTOOT:PROCESS-CONNECTION :AROUND (HUNCHENTOOT:ACCEPTOR T)) #<HUNCHENTOOT:EASY-ACCEPTOR (host *, port 8083)> #<USOCKET:STREAM-USOCKET {DAEE981}>) [fast-method]
7: ((FLET HUNCHENTOOT::PROCESS-CONNECTION% :IN HUNCHENTOOT::HANDLE-INCOMING-CONNECTION%) #<HUNCHENTOOT:EASY-ACCEPTOR (host *, port 8083)> #<USOCKET:STREAM-USOCKET {DAEE981}>)
8: ((LAMBDA NIL :IN BORDEAUX-THREADS::BINDING-DEFAULT-SPECIALS))
9: ((FLET #:WITHOUT-INTERRUPTS-BODY-1195 :IN SB-THREAD::INITIAL-THREAD-FUNCTION-TRAMPOLINE))
10: ((FLET SB-THREAD::WITH-MUTEX-THUNK :IN SB-THREAD::INITIAL-THREAD-FUNCTION-TRAMPOLINE))
11: ((FLET #:WITHOUT-INTERRUPTS-BODY-647 :IN SB-THREAD::CALL-WITH-MUTEX))
12: (SB-THREAD::CALL-WITH-MUTEX #<CLOSURE (FLET SB-THREAD::WITH-MUTEX-THUNK :IN SB-THREAD::INITIAL-THREAD-FUNCTION-TRAMPOLINE) {A44B913D}> #<SB-THREAD:MUTEX "thread result lock" owner: #<SB-THREAD:THREAD "hunchentoot-worker-127.0.0.1:40678" RUNNING {DAEF4A9}>> NIL T NIL)
13: (SB-THREAD::INITIAL-THREAD-FUNCTION-TRAMPOLINE #<SB-THREAD:THREAD "hunchentoot-worker-127.0.0.1:40678" RUNNING {DAEF4A9}> #S(SB-THREAD:SEMAPHORE :NAME "Thread setup semaphore" :%COUNT 0 :WAITCOUNT 0 :MUTEX #<SB-THREAD:MUTEX (free) {DAEF4E1}> :QUEUE #<SB-THREAD:WAITQUEUE  {DAEF4F9}>) #<CLOSURE (LAMBDA NIL :IN BORDEAUX-THREADS::BINDING-DEFAULT-SPECIALS) {DAEF45D}> NIL NIL NIL NIL)
14: ("foreign function: call_into_lisp")
15: ("foreign function: funcall0")
16: ("foreign function: new_thread_trampoline")
17: ("foreign function: #x529B69")

[2015-08-17 22:02:53 [ERROR]] The value NIL is not of type STRING.
Backtrace for: #<SB-THREAD:THREAD "hunchentoot-worker-127.0.0.1:40676" RUNNING {DADFCA9}>
0: (PARSE-INTEGER NIL :JUNK-ALLOWED T) [more,optional]
1: (WHEREISJOB::CONTROLLER-JOB)
2: ((:METHOD HUNCHENTOOT:HANDLE-REQUEST (HUNCHENTOOT:ACCEPTOR HUNCHENTOOT:REQUEST)) #<HUNCHENTOOT:EASY-ACCEPTOR (host *, port 8083)> #<HUNCHENTOOT:REQUEST {DAE4DD9}>) [fast-method]
3: ((:METHOD HUNCHENTOOT:PROCESS-REQUEST (T)) #<HUNCHENTOOT:REQUEST {DAE4DD9}>) [fast-method]
4: (HUNCHENTOOT::DO-WITH-ACCEPTOR-REQUEST-COUNT-INCREMENTED #<HUNCHENTOOT:EASY-ACCEPTOR (host *, port 8083)> #<CLOSURE (LAMBDA NIL :IN HUNCHENTOOT:PROCESS-CONNECTION) {DAE45ED}>)
5: ((:METHOD HUNCHENTOOT:PROCESS-CONNECTION (HUNCHENTOOT:ACCEPTOR T)) #<HUNCHENTOOT:EASY-ACCEPTOR (host *, port 8083)> #<USOCKET:STREAM-USOCKET {DADF1A1}>) [fast-method]
6: ((:METHOD HUNCHENTOOT:PROCESS-CONNECTION :AROUND (HUNCHENTOOT:ACCEPTOR T)) #<HUNCHENTOOT:EASY-ACCEPTOR (host *, port 8083)> #<USOCKET:STREAM-USOCKET {DADF1A1}>) [fast-method]
7: ((FLET HUNCHENTOOT::PROCESS-CONNECTION% :IN HUNCHENTOOT::HANDLE-INCOMING-CONNECTION%) #<HUNCHENTOOT:EASY-ACCEPTOR (host *, port 8083)> #<USOCKET:STREAM-USOCKET {DADF1A1}>)
8: ((LAMBDA NIL :IN BORDEAUX-THREADS::BINDING-DEFAULT-SPECIALS))
9: ((FLET #:WITHOUT-INTERRUPTS-BODY-1195 :IN SB-THREAD::INITIAL-THREAD-FUNCTION-TRAMPOLINE))
10: ((FLET SB-THREAD::WITH-MUTEX-THUNK :IN SB-THREAD::INITIAL-THREAD-FUNCTION-TRAMPOLINE))
11: ((FLET #:WITHOUT-INTERRUPTS-BODY-647 :IN SB-THREAD::CALL-WITH-MUTEX))
12: (SB-THREAD::CALL-WITH-MUTEX #<CLOSURE (FLET SB-THREAD::WITH-MUTEX-THUNK :IN SB-THREAD::INITIAL-THREAD-FUNCTION-TRAMPOLINE) {A50A113D}> #<SB-THREAD:MUTEX "thread result lock" owner: #<SB-THREAD:THREAD "hunchentoot-worker-127.0.0.1:40676" RUNNING {DADFCA9}>> NIL T NIL)
13: (SB-THREAD::INITIAL-THREAD-FUNCTION-TRAMPOLINE #<SB-THREAD:THREAD "hunchentoot-worker-127.0.0.1:40676" RUNNING {DADFCA9}> #S(SB-THREAD:SEMAPHORE :NAME "Thread setup semaphore" :%COUNT 0 :WAITCOUNT 0 :MUTEX #<SB-THREAD:MUTEX (free) {DADFCE1}> :QUEUE #<SB-THREAD:WAITQUEUE  {DADFCF9}>) #<CLOSURE (LAMBDA NIL :IN BORDEAUX-THREADS::BINDING-DEFAULT-SPECIALS) {DADFC5D}> NIL NIL NIL NIL)
14: ("foreign function: call_into_lisp")
15: ("foreign function: funcall0")
16: ("foreign function: new_thread_trampoline")
17: ("foreign function: #x529B69")

[2015-08-17 22:02:53 [ERROR]] The value NIL is not of type STRING.
Backtrace for: #<SB-THREAD:THREAD "hunchentoot-worker-127.0.0.1:40679" RUNNING {DAF7189}>
0: (PARSE-INTEGER NIL :JUNK-ALLOWED T) [more,optional]
1: (WHEREISJOB::CONTROLLER-JOB)
2: ((:METHOD HUNCHENTOOT:HANDLE-REQUEST (HUNCHENTOOT:ACCEPTOR HUNCHENTOOT:REQUEST)) #<HUNCHENTOOT:EASY-ACCEPTOR (host *, port 8083)> #<HUNCHENTOOT:REQUEST {DAFCDD9}>) [fast-method]
3: ((:METHOD HUNCHENTOOT:PROCESS-REQUEST (T)) #<HUNCHENTOOT:REQUEST {DAFCDD9}>) [fast-method]
4: (HUNCHENTOOT::DO-WITH-ACCEPTOR-REQUEST-COUNT-INCREMENTED #<HUNCHENTOOT:EASY-ACCEPTOR (host *, port 8083)> #<CLOSURE (LAMBDA NIL :IN HUNCHENTOOT:PROCESS-CONNECTION) {DAFC5ED}>)
5: ((:METHOD HUNCHENTOOT:PROCESS-CONNECTION (HUNCHENTOOT:ACCEPTOR T)) #<HUNCHENTOOT:EASY-ACCEPTOR (host *, port 8083)> #<USOCKET:STREAM-USOCKET {DAF6669}>) [fast-method]
6: ((:METHOD HUNCHENTOOT:PROCESS-CONNECTION :AROUND (HUNCHENTOOT:ACCEPTOR T)) #<HUNCHENTOOT:EASY-ACCEPTOR (host *, port 8083)> #<USOCKET:STREAM-USOCKET {DAF6669}>) [fast-method]
7: ((FLET HUNCHENTOOT::PROCESS-CONNECTION% :IN HUNCHENTOOT::HANDLE-INCOMING-CONNECTION%) #<HUNCHENTOOT:EASY-ACCEPTOR (host *, port 8083)> #<USOCKET:STREAM-USOCKET {DAF6669}>)
8: ((LAMBDA NIL :IN BORDEAUX-THREADS::BINDING-DEFAULT-SPECIALS))
9: ((FLET #:WITHOUT-INTERRUPTS-BODY-1195 :IN SB-THREAD::INITIAL-THREAD-FUNCTION-TRAMPOLINE))
10: ((FLET SB-THREAD::WITH-MUTEX-THUNK :IN SB-THREAD::INITIAL-THREAD-FUNCTION-TRAMPOLINE))
11: ((FLET #:WITHOUT-INTERRUPTS-BODY-647 :IN SB-THREAD::CALL-WITH-MUTEX))
12: (SB-THREAD::CALL-WITH-MUTEX #<CLOSURE (FLET SB-THREAD::WITH-MUTEX-THUNK :IN SB-THREAD::INITIAL-THREAD-FUNCTION-TRAMPOLINE) {A37E713D}> #<SB-THREAD:MUTEX "thread result lock" owner: #<SB-THREAD:THREAD "hunchentoot-worker-127.0.0.1:40679" RUNNING {DAF7189}>> NIL T NIL)
13: (SB-THREAD::INITIAL-THREAD-FUNCTION-TRAMPOLINE #<SB-THREAD:THREAD "hunchentoot-worker-127.0.0.1:40679" RUNNING {DAF7189}> #S(SB-THREAD:SEMAPHORE :NAME "Thread setup semaphore" :%COUNT 0 :WAITCOUNT 0 :MUTEX #<SB-THREAD:MUTEX (free) {DAF71C1}> :QUEUE #<SB-THREAD:WAITQUEUE  {DAF71D9}>) #<CLOSURE (LAMBDA NIL :IN BORDEAUX-THREADS::BINDING-DEFAULT-SPECIALS) {DAF713D}> NIL NIL NIL NIL)
14: ("foreign function: call_into_lisp")
15: ("foreign function: funcall0")
16: ("foreign function: new_thread_trampoline")
17: ("foreign function: #x529B69")

[2015-08-17 22:02:53 [ERROR]] The value NIL is not of type STRING.
Backtrace for: #<SB-THREAD:THREAD "hunchentoot-worker-127.0.0.1:40664" RUNNING {CC9EFD1}>
0: (PARSE-INTEGER NIL :JUNK-ALLOWED T) [more,optional]
1: (WHEREISJOB::CONTROLLER-JOB)
2: ((:METHOD HUNCHENTOOT:HANDLE-REQUEST (HUNCHENTOOT:ACCEPTOR HUNCHENTOOT:REQUEST)) #<HUNCHENTOOT:EASY-ACCEPTOR (host *, port 8083)> #<HUNCHENTOOT:REQUEST {DADE6C1}>) [fast-method]
3: ((:METHOD HUNCHENTOOT:PROCESS-REQUEST (T)) #<HUNCHENTOOT:REQUEST {DADE6C1}>) [fast-method]
4: (HUNCHENTOOT::DO-WITH-ACCEPTOR-REQUEST-COUNT-INCREMENTED #<HUNCHENTOOT:EASY-ACCEPTOR (host *, port 8083)> #<CLOSURE (LAMBDA NIL :IN HUNCHENTOOT:PROCESS-CONNECTION) {DADDE65}>)
5: ((:METHOD HUNCHENTOOT:PROCESS-CONNECTION (HUNCHENTOOT:ACCEPTOR T)) #<HUNCHENTOOT:EASY-ACCEPTOR (host *, port 8083)> #<USOCKET:STREAM-USOCKET {CC9E4C9}>) [fast-method]
6: ((:METHOD HUNCHENTOOT:PROCESS-CONNECTION :AROUND (HUNCHENTOOT:ACCEPTOR T)) #<HUNCHENTOOT:EASY-ACCEPTOR (host *, port 8083)> #<USOCKET:STREAM-USOCKET {CC9E4C9}>) [fast-method]
7: ((FLET HUNCHENTOOT::PROCESS-CONNECTION% :IN HUNCHENTOOT::HANDLE-INCOMING-CONNECTION%) #<HUNCHENTOOT:EASY-ACCEPTOR (host *, port 8083)> #<USOCKET:STREAM-USOCKET {CC9E4C9}>)
8: ((LAMBDA NIL :IN BORDEAUX-THREADS::BINDING-DEFAULT-SPECIALS))
9: ((FLET #:WITHOUT-INTERRUPTS-BODY-1195 :IN SB-THREAD::INITIAL-THREAD-FUNCTION-TRAMPOLINE))
10: ((FLET SB-THREAD::WITH-MUTEX-THUNK :IN SB-THREAD::INITIAL-THREAD-FUNCTION-TRAMPOLINE))
11: ((FLET #:WITHOUT-INTERRUPTS-BODY-647 :IN SB-THREAD::CALL-WITH-MUTEX))
12: (SB-THREAD::CALL-WITH-MUTEX #<CLOSURE (FLET SB-THREAD::WITH-MUTEX-THUNK :IN SB-THREAD::INITIAL-THREAD-FUNCTION-TRAMPOLINE) {A592D13D}> #<SB-THREAD:MUTEX "thread result lock" owner: #<SB-THREAD:THREAD "hunchentoot-worker-127.0.0.1:40664" RUNNING {CC9EFD1}>> NIL T NIL)
13: (SB-THREAD::INITIAL-THREAD-FUNCTION-TRAMPOLINE #<SB-THREAD:THREAD "hunchentoot-worker-127.0.0.1:40664" RUNNING {CC9EFD1}> #S(SB-THREAD:SEMAPHORE :NAME "Thread setup semaphore" :%COUNT 0 :WAITCOUNT 0 :MUTEX #<SB-THREAD:MUTEX (free) {CCB3009}> :QUEUE #<SB-THREAD:WAITQUEUE  {CCB3021}>) #<CLOSURE (LAMBDA NIL :IN BORDEAUX-THREADS::BINDING-DEFAULT-SPECIALS) {CC9EF85}> NIL NIL NIL NIL)
14: ("foreign function: call_into_lisp")
15: ("foreign function: funcall0")
16: ("foreign function: new_thread_trampoline")
17: ("foreign function: #x529B69")

[2015-08-17 22:02:53 [ERROR]] The value NIL is not of type STRING.
Backtrace for: #<SB-THREAD:THREAD "hunchentoot-worker-127.0.0.1:40677" RUNNING {DAE7869}>
0: (PARSE-INTEGER NIL :JUNK-ALLOWED T) [more,optional]
1: (WHEREISJOB::CONTROLLER-JOB)
2: ((:METHOD HUNCHENTOOT:HANDLE-REQUEST (HUNCHENTOOT:ACCEPTOR HUNCHENTOOT:REQUEST)) #<HUNCHENTOOT:EASY-ACCEPTOR (host *, port 8083)> #<HUNCHENTOOT:REQUEST {DAECDD9}>) [fast-method]
3: ((:METHOD HUNCHENTOOT:PROCESS-REQUEST (T)) #<HUNCHENTOOT:REQUEST {DAECDD9}>) [fast-method]
4: (HUNCHENTOOT::DO-WITH-ACCEPTOR-REQUEST-COUNT-INCREMENTED #<HUNCHENTOOT:EASY-ACCEPTOR (host *, port 8083)> #<CLOSURE (LAMBDA NIL :IN HUNCHENTOOT:PROCESS-CONNECTION) {DAEC5ED}>)
5: ((:METHOD HUNCHENTOOT:PROCESS-CONNECTION (HUNCHENTOOT:ACCEPTOR T)) #<HUNCHENTOOT:EASY-ACCEPTOR (host *, port 8083)> #<USOCKET:STREAM-USOCKET {DAE6D31}>) [fast-method]
6: ((:METHOD HUNCHENTOOT:PROCESS-CONNECTION :AROUND (HUNCHENTOOT:ACCEPTOR T)) #<HUNCHENTOOT:EASY-ACCEPTOR (host *, port 8083)> #<USOCKET:STREAM-USOCKET {DAE6D31}>) [fast-method]
7: ((FLET HUNCHENTOOT::PROCESS-CONNECTION% :IN HUNCHENTOOT::HANDLE-INCOMING-CONNECTION%) #<HUNCHENTOOT:EASY-ACCEPTOR (host *, port 8083)> #<USOCKET:STREAM-USOCKET {DAE6D31}>)
8: ((LAMBDA NIL :IN BORDEAUX-THREADS::BINDING-DEFAULT-SPECIALS))
9: ((FLET #:WITHOUT-INTERRUPTS-BODY-1195 :IN SB-THREAD::INITIAL-THREAD-FUNCTION-TRAMPOLINE))
10: ((FLET SB-THREAD::WITH-MUTEX-THUNK :IN SB-THREAD::INITIAL-THREAD-FUNCTION-TRAMPOLINE))
11: ((FLET #:WITHOUT-INTERRUPTS-BODY-647 :IN SB-THREAD::CALL-WITH-MUTEX))
12: (SB-THREAD::CALL-WITH-MUTEX #<CLOSURE (FLET SB-THREAD::WITH-MUTEX-THUNK :IN SB-THREAD::INITIAL-THREAD-FUNCTION-TRAMPOLINE) {A4AB913D}> #<SB-THREAD:MUTEX "thread result lock" owner: #<SB-THREAD:THREAD "hunchentoot-worker-127.0.0.1:40677" RUNNING {DAE7869}>> NIL T NIL)
13: (SB-THREAD::INITIAL-THREAD-FUNCTION-TRAMPOLINE #<SB-THREAD:THREAD "hunchentoot-worker-127.0.0.1:40677" RUNNING {DAE7869}> #S(SB-THREAD:SEMAPHORE :NAME "Thread setup semaphore" :%COUNT 0 :WAITCOUNT 0 :MUTEX #<SB-THREAD:MUTEX (free) {DAE78A1}> :QUEUE #<SB-THREAD:WAITQUEUE  {DAE78B9}>) #<CLOSURE (LAMBDA NIL :IN BORDEAUX-THREADS::BINDING-DEFAULT-SPECIALS) {DAE781D}> NIL NIL NIL NIL)
14: ("foreign function: call_into_lisp")
15: ("foreign function: funcall0")
16: ("foreign function: new_thread_trampoline")
17: ("foreign function: #x529B69")

[2015-08-17 22:02:53 [ERROR]] The value NIL is not of type STRING.
Backtrace for: #<SB-THREAD:THREAD "hunchentoot-worker-127.0.0.1:40643" RUNNING {BF0A659}>
0: (PARSE-INTEGER NIL :JUNK-ALLOWED T) [more,optional]
1: (WHEREISJOB::CONTROLLER-JOB)
2: ((:METHOD HUNCHENTOOT:HANDLE-REQUEST (HUNCHENTOOT:ACCEPTOR HUNCHENTOOT:REQUEST)) #<HUNCHENTOOT:EASY-ACCEPTOR (host *, port 8083)> #<HUNCHENTOOT:REQUEST {DAD8FE9}>) [fast-method]
3: ((:METHOD HUNCHENTOOT:PROCESS-REQUEST (T)) #<HUNCHENTOOT:REQUEST {DAD8FE9}>) [fast-method]
4: (HUNCHENTOOT::DO-WITH-ACCEPTOR-REQUEST-COUNT-INCREMENTED #<HUNCHENTOOT:EASY-ACCEPTOR (host *, port 8083)> #<CLOSURE (LAMBDA NIL :IN HUNCHENTOOT:PROCESS-CONNECTION) {DAD87FD}>)
5: ((:METHOD HUNCHENTOOT:PROCESS-CONNECTION (HUNCHENTOOT:ACCEPTOR T)) #<HUNCHENTOOT:EASY-ACCEPTOR (host *, port 8083)> #<USOCKET:STREAM-USOCKET {BF09A81}>) [fast-method]
6: ((:METHOD HUNCHENTOOT:PROCESS-CONNECTION :AROUND (HUNCHENTOOT:ACCEPTOR T)) #<HUNCHENTOOT:EASY-ACCEPTOR (host *, port 8083)> #<USOCKET:STREAM-USOCKET {BF09A81}>) [fast-method]
7: ((FLET HUNCHENTOOT::PROCESS-CONNECTION% :IN HUNCHENTOOT::HANDLE-INCOMING-CONNECTION%) #<HUNCHENTOOT:EASY-ACCEPTOR (host *, port 8083)> #<USOCKET:STREAM-USOCKET {BF09A81}>)
8: ((LAMBDA NIL :IN BORDEAUX-THREADS::BINDING-DEFAULT-SPECIALS))
9: ((FLET #:WITHOUT-INTERRUPTS-BODY-1195 :IN SB-THREAD::INITIAL-THREAD-FUNCTION-TRAMPOLINE))
10: ((FLET SB-THREAD::WITH-MUTEX-THUNK :IN SB-THREAD::INITIAL-THREAD-FUNCTION-TRAMPOLINE))
11: ((FLET #:WITHOUT-INTERRUPTS-BODY-647 :IN SB-THREAD::CALL-WITH-MUTEX))
12: (SB-THREAD::CALL-WITH-MUTEX #<CLOSURE (FLET SB-THREAD::WITH-MUTEX-THUNK :IN SB-THREAD::INITIAL-THREAD-FUNCTION-TRAMPOLINE) {A407313D}> #<SB-THREAD:MUTEX "thread result lock" owner: #<SB-THREAD:THREAD "hunchentoot-worker-127.0.0.1:40643" RUNNING {BF0A659}>> NIL T NIL)
13: (SB-THREAD::INITIAL-THREAD-FUNCTION-TRAMPOLINE #<SB-THREAD:THREAD "hunchentoot-worker-127.0.0.1:40643" RUNNING {BF0A659}> #S(SB-THREAD:SEMAPHORE :NAME "Thread setup semaphore" :%COUNT 0 :WAITCOUNT 0 :MUTEX #<SB-THREAD:MUTEX (free) {BF0A691}> :QUEUE #<SB-THREAD:WAITQUEUE  {BF0A6A9}>) #<CLOSURE (LAMBDA NIL :IN BORDEAUX-THREADS::BINDING-DEFAULT-SPECIALS) {BF0A60D}> NIL NIL NIL NIL)
14: ("foreign function: call_into_lisp")
15: ("foreign function: funcall0")
16: ("foreign function: new_thread_trampoline")
17: ("foreign function: #x529B69")

[2015-08-17 22:25:23 [ERROR]] The value #<WHEREISJOB::JOB-CITIES {B731FC1}>
                              is not of type
                                LIST.
Backtrace for: #<SB-THREAD:THREAD "hunchentoot-worker-127.0.0.1:41022" RUNNING {DB92DE9}>
0: (SB-IMPL::APPEND2 #<unavailable argument> #<unavailable argument>) [tl,external]
1: (WHEREISJOB::FIND-CURRENT-CITIES)
2: (WHEREISJOB::CONTROLLER-CITIES)
3: ((:METHOD HUNCHENTOOT:HANDLE-REQUEST (HUNCHENTOOT:ACCEPTOR HUNCHENTOOT:REQUEST)) #<HUNCHENTOOT:EASY-ACCEPTOR (host *, port 8083)> #<HUNCHENTOOT:REQUEST {B584C51}>) [fast-method]
4: ((:METHOD HUNCHENTOOT:PROCESS-REQUEST (T)) #<HUNCHENTOOT:REQUEST {B584C51}>) [fast-method]
5: (HUNCHENTOOT::DO-WITH-ACCEPTOR-REQUEST-COUNT-INCREMENTED #<HUNCHENTOOT:EASY-ACCEPTOR (host *, port 8083)> #<CLOSURE (LAMBDA NIL :IN HUNCHENTOOT:PROCESS-CONNECTION) {B47FDA5}>)
6: ((:METHOD HUNCHENTOOT:PROCESS-CONNECTION (HUNCHENTOOT:ACCEPTOR T)) #<HUNCHENTOOT:EASY-ACCEPTOR (host *, port 8083)> #<USOCKET:STREAM-USOCKET {DB90381}>) [fast-method]
7: ((:METHOD HUNCHENTOOT:PROCESS-CONNECTION :AROUND (HUNCHENTOOT:ACCEPTOR T)) #<HUNCHENTOOT:EASY-ACCEPTOR (host *, port 8083)> #<USOCKET:STREAM-USOCKET {DB90381}>) [fast-method]
8: ((FLET HUNCHENTOOT::PROCESS-CONNECTION% :IN HUNCHENTOOT::HANDLE-INCOMING-CONNECTION%) #<HUNCHENTOOT:EASY-ACCEPTOR (host *, port 8083)> #<USOCKET:STREAM-USOCKET {DB90381}>)
9: ((LAMBDA NIL :IN BORDEAUX-THREADS::BINDING-DEFAULT-SPECIALS))
10: ((FLET #:WITHOUT-INTERRUPTS-BODY-1195 :IN SB-THREAD::INITIAL-THREAD-FUNCTION-TRAMPOLINE))
11: ((FLET SB-THREAD::WITH-MUTEX-THUNK :IN SB-THREAD::INITIAL-THREAD-FUNCTION-TRAMPOLINE))
12: ((FLET #:WITHOUT-INTERRUPTS-BODY-647 :IN SB-THREAD::CALL-WITH-MUTEX))
13: (SB-THREAD::CALL-WITH-MUTEX #<CLOSURE (FLET SB-THREAD::WITH-MUTEX-THUNK :IN SB-THREAD::INITIAL-THREAD-FUNCTION-TRAMPOLINE) {A719213D}> #<SB-THREAD:MUTEX "thread result lock" owner: #<SB-THREAD:THREAD "hunchentoot-worker-127.0.0.1:41022" RUNNING {DB92DE9}>> NIL T NIL)
14: (SB-THREAD::INITIAL-THREAD-FUNCTION-TRAMPOLINE #<SB-THREAD:THREAD "hunchentoot-worker-127.0.0.1:41022" RUNNING {DB92DE9}> #S(SB-THREAD:SEMAPHORE :NAME "Thread setup semaphore" :%COUNT 0 :WAITCOUNT 0 :MUTEX #<SB-THREAD:MUTEX (free) {DB92E21}> :QUEUE #<SB-THREAD:WAITQUEUE  {BF89A19}>) #<CLOSURE (LAMBDA NIL :IN BORDEAUX-THREADS::BINDING-DEFAULT-SPECIALS) {DB92D9D}> NIL NIL NIL NIL)
15: ("foreign function: call_into_lisp")
16: ("foreign function: funcall0")
17: ("foreign function: new_thread_trampoline")
18: ("foreign function: #x529B69")

[2015-08-17 22:25:41 [ERROR]] The value #<WHEREISJOB::JOB-CITIES {BF4B109}>
                              is not of type
                                LIST.
Backtrace for: #<SB-THREAD:THREAD "hunchentoot-worker-127.0.0.1:41022" RUNNING {DB92DE9}>
0: (SB-IMPL::APPEND2 #<unavailable argument> #<unavailable argument>) [tl,external]
1: (WHEREISJOB::FIND-CURRENT-CITIES)
2: (WHEREISJOB::CONTROLLER-CITIES)
3: ((:METHOD HUNCHENTOOT:HANDLE-REQUEST (HUNCHENTOOT:ACCEPTOR HUNCHENTOOT:REQUEST)) #<HUNCHENTOOT:EASY-ACCEPTOR (host *, port 8083)> #<HUNCHENTOOT:REQUEST {BF351C1}>) [fast-method]
4: ((:METHOD HUNCHENTOOT:PROCESS-REQUEST (T)) #<HUNCHENTOOT:REQUEST {BF351C1}>) [fast-method]
5: (HUNCHENTOOT::DO-WITH-ACCEPTOR-REQUEST-COUNT-INCREMENTED #<HUNCHENTOOT:EASY-ACCEPTOR (host *, port 8083)> #<CLOSURE (LAMBDA NIL :IN HUNCHENTOOT:PROCESS-CONNECTION) {BF287B5}>)
6: ((:METHOD HUNCHENTOOT:PROCESS-CONNECTION (HUNCHENTOOT:ACCEPTOR T)) #<HUNCHENTOOT:EASY-ACCEPTOR (host *, port 8083)> #<USOCKET:STREAM-USOCKET {DB90381}>) [fast-method]
7: ((:METHOD HUNCHENTOOT:PROCESS-CONNECTION :AROUND (HUNCHENTOOT:ACCEPTOR T)) #<HUNCHENTOOT:EASY-ACCEPTOR (host *, port 8083)> #<USOCKET:STREAM-USOCKET {DB90381}>) [fast-method]
8: ((FLET HUNCHENTOOT::PROCESS-CONNECTION% :IN HUNCHENTOOT::HANDLE-INCOMING-CONNECTION%) #<HUNCHENTOOT:EASY-ACCEPTOR (host *, port 8083)> #<USOCKET:STREAM-USOCKET {DB90381}>)
9: ((LAMBDA NIL :IN BORDEAUX-THREADS::BINDING-DEFAULT-SPECIALS))
10: ((FLET #:WITHOUT-INTERRUPTS-BODY-1195 :IN SB-THREAD::INITIAL-THREAD-FUNCTION-TRAMPOLINE))
11: ((FLET SB-THREAD::WITH-MUTEX-THUNK :IN SB-THREAD::INITIAL-THREAD-FUNCTION-TRAMPOLINE))
12: ((FLET #:WITHOUT-INTERRUPTS-BODY-647 :IN SB-THREAD::CALL-WITH-MUTEX))
13: (SB-THREAD::CALL-WITH-MUTEX #<CLOSURE (FLET SB-THREAD::WITH-MUTEX-THUNK :IN SB-THREAD::INITIAL-THREAD-FUNCTION-TRAMPOLINE) {A719213D}> #<SB-THREAD:MUTEX "thread result lock" owner: #<SB-THREAD:THREAD "hunchentoot-worker-127.0.0.1:41022" RUNNING {DB92DE9}>> NIL T NIL)
14: (SB-THREAD::INITIAL-THREAD-FUNCTION-TRAMPOLINE #<SB-THREAD:THREAD "hunchentoot-worker-127.0.0.1:41022" RUNNING {DB92DE9}> #S(SB-THREAD:SEMAPHORE :NAME "Thread setup semaphore" :%COUNT 0 :WAITCOUNT 0 :MUTEX #<SB-THREAD:MUTEX (free) {DB92E21}> :QUEUE #<SB-THREAD:WAITQUEUE  {BF89A19}>) #<CLOSURE (LAMBDA NIL :IN BORDEAUX-THREADS::BINDING-DEFAULT-SPECIALS) {DB92D9D}> NIL NIL NIL NIL)
15: ("foreign function: call_into_lisp")
16: ("foreign function: funcall0")
17: ("foreign function: new_thread_trampoline")
18: ("foreign function: #x529B69")

[2015-08-17 22:29:26 [ERROR]] The value NIL is not of type STRING.
Backtrace for: #<SB-THREAD:THREAD "hunchentoot-worker-127.0.0.1:41093" RUNNING {AFD5549}>
0: (PARSE-INTEGER NIL :JUNK-ALLOWED T) [more,optional]
1: (WHEREISJOB::CONTROLLER-JOB)
2: ((:METHOD HUNCHENTOOT:HANDLE-REQUEST (HUNCHENTOOT:ACCEPTOR HUNCHENTOOT:REQUEST)) #<HUNCHENTOOT:EASY-ACCEPTOR (host *, port 8083)> #<HUNCHENTOOT:REQUEST {AFDADD9}>) [fast-method]
3: ((:METHOD HUNCHENTOOT:PROCESS-REQUEST (T)) #<HUNCHENTOOT:REQUEST {AFDADD9}>) [fast-method]
4: (HUNCHENTOOT::DO-WITH-ACCEPTOR-REQUEST-COUNT-INCREMENTED #<HUNCHENTOOT:EASY-ACCEPTOR (host *, port 8083)> #<CLOSURE (LAMBDA NIL :IN HUNCHENTOOT:PROCESS-CONNECTION) {AFDA5ED}>)
5: ((:METHOD HUNCHENTOOT:PROCESS-CONNECTION (HUNCHENTOOT:ACCEPTOR T)) #<HUNCHENTOOT:EASY-ACCEPTOR (host *, port 8083)> #<USOCKET:STREAM-USOCKET {AFD4A31}>) [fast-method]
6: ((:METHOD HUNCHENTOOT:PROCESS-CONNECTION :AROUND (HUNCHENTOOT:ACCEPTOR T)) #<HUNCHENTOOT:EASY-ACCEPTOR (host *, port 8083)> #<USOCKET:STREAM-USOCKET {AFD4A31}>) [fast-method]
7: ((FLET HUNCHENTOOT::PROCESS-CONNECTION% :IN HUNCHENTOOT::HANDLE-INCOMING-CONNECTION%) #<HUNCHENTOOT:EASY-ACCEPTOR (host *, port 8083)> #<USOCKET:STREAM-USOCKET {AFD4A31}>)
8: ((LAMBDA NIL :IN BORDEAUX-THREADS::BINDING-DEFAULT-SPECIALS))
9: ((FLET #:WITHOUT-INTERRUPTS-BODY-1195 :IN SB-THREAD::INITIAL-THREAD-FUNCTION-TRAMPOLINE))
10: ((FLET SB-THREAD::WITH-MUTEX-THUNK :IN SB-THREAD::INITIAL-THREAD-FUNCTION-TRAMPOLINE))
11: ((FLET #:WITHOUT-INTERRUPTS-BODY-647 :IN SB-THREAD::CALL-WITH-MUTEX))
12: (SB-THREAD::CALL-WITH-MUTEX #<CLOSURE (FLET SB-THREAD::WITH-MUTEX-THUNK :IN SB-THREAD::INITIAL-THREAD-FUNCTION-TRAMPOLINE) {A5D7313D}> #<SB-THREAD:MUTEX "thread result lock" owner: #<SB-THREAD:THREAD "hunchentoot-worker-127.0.0.1:41093" RUNNING {AFD5549}>> NIL T NIL)
13: (SB-THREAD::INITIAL-THREAD-FUNCTION-TRAMPOLINE #<SB-THREAD:THREAD "hunchentoot-worker-127.0.0.1:41093" RUNNING {AFD5549}> #S(SB-THREAD:SEMAPHORE :NAME "Thread setup semaphore" :%COUNT 0 :WAITCOUNT 0 :MUTEX #<SB-THREAD:MUTEX (free) {AFD5581}> :QUEUE #<SB-THREAD:WAITQUEUE  {AFD5599}>) #<CLOSURE (LAMBDA NIL :IN BORDEAUX-THREADS::BINDING-DEFAULT-SPECIALS) {AFD54FD}> NIL NIL NIL NIL)
14: ("foreign function: call_into_lisp")
15: ("foreign function: funcall0")
16: ("foreign function: new_thread_trampoline")
17: ("foreign function: #x529B69")

[2015-08-17 22:29:26 [ERROR]] The value NIL is not of type STRING.
Backtrace for: #<SB-THREAD:THREAD "hunchentoot-worker-127.0.0.1:41095" RUNNING {B0D90F9}>
0: (PARSE-INTEGER NIL :JUNK-ALLOWED T) [more,optional]
1: (WHEREISJOB::CONTROLLER-JOB)
2: ((:METHOD HUNCHENTOOT:HANDLE-REQUEST (HUNCHENTOOT:ACCEPTOR HUNCHENTOOT:REQUEST)) #<HUNCHENTOOT:EASY-ACCEPTOR (host *, port 8083)> #<HUNCHENTOOT:REQUEST {B0F9C89}>) [fast-method]
3: ((:METHOD HUNCHENTOOT:PROCESS-REQUEST (T)) #<HUNCHENTOOT:REQUEST {B0F9C89}>) [fast-method]
4: (HUNCHENTOOT::DO-WITH-ACCEPTOR-REQUEST-COUNT-INCREMENTED #<HUNCHENTOOT:EASY-ACCEPTOR (host *, port 8083)> #<CLOSURE (LAMBDA NIL :IN HUNCHENTOOT:PROCESS-CONNECTION) {B0F949D}>)
5: ((:METHOD HUNCHENTOOT:PROCESS-CONNECTION (HUNCHENTOOT:ACCEPTOR T)) #<HUNCHENTOOT:EASY-ACCEPTOR (host *, port 8083)> #<USOCKET:STREAM-USOCKET {B0D7569}>) [fast-method]
6: ((:METHOD HUNCHENTOOT:PROCESS-CONNECTION :AROUND (HUNCHENTOOT:ACCEPTOR T)) #<HUNCHENTOOT:EASY-ACCEPTOR (host *, port 8083)> #<USOCKET:STREAM-USOCKET {B0D7569}>) [fast-method]
7: ((FLET HUNCHENTOOT::PROCESS-CONNECTION% :IN HUNCHENTOOT::HANDLE-INCOMING-CONNECTION%) #<HUNCHENTOOT:EASY-ACCEPTOR (host *, port 8083)> #<USOCKET:STREAM-USOCKET {B0D7569}>)
8: ((LAMBDA NIL :IN BORDEAUX-THREADS::BINDING-DEFAULT-SPECIALS))
9: ((FLET #:WITHOUT-INTERRUPTS-BODY-1195 :IN SB-THREAD::INITIAL-THREAD-FUNCTION-TRAMPOLINE))
10: ((FLET SB-THREAD::WITH-MUTEX-THUNK :IN SB-THREAD::INITIAL-THREAD-FUNCTION-TRAMPOLINE))
11: ((FLET #:WITHOUT-INTERRUPTS-BODY-647 :IN SB-THREAD::CALL-WITH-MUTEX))
12: (SB-THREAD::CALL-WITH-MUTEX #<CLOSURE (FLET SB-THREAD::WITH-MUTEX-THUNK :IN SB-THREAD::INITIAL-THREAD-FUNCTION-TRAMPOLINE) {A4AB913D}> #<SB-THREAD:MUTEX "thread result lock" owner: #<SB-THREAD:THREAD "hunchentoot-worker-127.0.0.1:41095" RUNNING {B0D90F9}>> NIL T NIL)
13: (SB-THREAD::INITIAL-THREAD-FUNCTION-TRAMPOLINE #<SB-THREAD:THREAD "hunchentoot-worker-127.0.0.1:41095" RUNNING {B0D90F9}> #S(SB-THREAD:SEMAPHORE :NAME "Thread setup semaphore" :%COUNT 0 :WAITCOUNT 0 :MUTEX #<SB-THREAD:MUTEX (free) {B0D9131}> :QUEUE #<SB-THREAD:WAITQUEUE  {B0D9149}>) #<CLOSURE (LAMBDA NIL :IN BORDEAUX-THREADS::BINDING-DEFAULT-SPECIALS) {B0D90AD}> NIL NIL NIL NIL)
14: ("foreign function: call_into_lisp")
15: ("foreign function: funcall0")
16: ("foreign function: new_thread_trampoline")
17: ("foreign function: #x529B69")

[2015-08-17 22:29:26 [ERROR]] The value NIL is not of type STRING.
Backtrace for: #<SB-THREAD:THREAD "hunchentoot-worker-127.0.0.1:41093" RUNNING {AFD5549}>
0: (PARSE-INTEGER NIL :JUNK-ALLOWED T) [more,optional]
1: (WHEREISJOB::CONTROLLER-JOB)
2: ((:METHOD HUNCHENTOOT:HANDLE-REQUEST (HUNCHENTOOT:ACCEPTOR HUNCHENTOOT:REQUEST)) #<HUNCHENTOOT:EASY-ACCEPTOR (host *, port 8083)> #<HUNCHENTOOT:REQUEST {B196241}>) [fast-method]
3: ((:METHOD HUNCHENTOOT:PROCESS-REQUEST (T)) #<HUNCHENTOOT:REQUEST {B196241}>) [fast-method]
4: (HUNCHENTOOT::DO-WITH-ACCEPTOR-REQUEST-COUNT-INCREMENTED #<HUNCHENTOOT:EASY-ACCEPTOR (host *, port 8083)> #<CLOSURE (LAMBDA NIL :IN HUNCHENTOOT:PROCESS-CONNECTION) {B194A4D}>)
5: ((:METHOD HUNCHENTOOT:PROCESS-CONNECTION (HUNCHENTOOT:ACCEPTOR T)) #<HUNCHENTOOT:EASY-ACCEPTOR (host *, port 8083)> #<USOCKET:STREAM-USOCKET {AFD4A31}>) [fast-method]
6: ((:METHOD HUNCHENTOOT:PROCESS-CONNECTION :AROUND (HUNCHENTOOT:ACCEPTOR T)) #<HUNCHENTOOT:EASY-ACCEPTOR (host *, port 8083)> #<USOCKET:STREAM-USOCKET {AFD4A31}>) [fast-method]
7: ((FLET HUNCHENTOOT::PROCESS-CONNECTION% :IN HUNCHENTOOT::HANDLE-INCOMING-CONNECTION%) #<HUNCHENTOOT:EASY-ACCEPTOR (host *, port 8083)> #<USOCKET:STREAM-USOCKET {AFD4A31}>)
8: ((LAMBDA NIL :IN BORDEAUX-THREADS::BINDING-DEFAULT-SPECIALS))
9: ((FLET #:WITHOUT-INTERRUPTS-BODY-1195 :IN SB-THREAD::INITIAL-THREAD-FUNCTION-TRAMPOLINE))
10: ((FLET SB-THREAD::WITH-MUTEX-THUNK :IN SB-THREAD::INITIAL-THREAD-FUNCTION-TRAMPOLINE))
11: ((FLET #:WITHOUT-INTERRUPTS-BODY-647 :IN SB-THREAD::CALL-WITH-MUTEX))
12: (SB-THREAD::CALL-WITH-MUTEX #<CLOSURE (FLET SB-THREAD::WITH-MUTEX-THUNK :IN SB-THREAD::INITIAL-THREAD-FUNCTION-TRAMPOLINE) {A5D7313D}> #<SB-THREAD:MUTEX "thread result lock" owner: #<SB-THREAD:THREAD "hunchentoot-worker-127.0.0.1:41093" RUNNING {AFD5549}>> NIL T NIL)
13: (SB-THREAD::INITIAL-THREAD-FUNCTION-TRAMPOLINE #<SB-THREAD:THREAD "hunchentoot-worker-127.0.0.1:41093" RUNNING {AFD5549}> #S(SB-THREAD:SEMAPHORE :NAME "Thread setup semaphore" :%COUNT 0 :WAITCOUNT 0 :MUTEX #<SB-THREAD:MUTEX (free) {AFD5581}> :QUEUE #<SB-THREAD:WAITQUEUE  {AFD5599}>) #<CLOSURE (LAMBDA NIL :IN BORDEAUX-THREADS::BINDING-DEFAULT-SPECIALS) {AFD54FD}> NIL NIL NIL NIL)
14: ("foreign function: call_into_lisp")
15: ("foreign function: funcall0")
16: ("foreign function: new_thread_trampoline")
17: ("foreign function: #x529B69")

[2015-08-17 22:29:26 [ERROR]] The value NIL is not of type STRING.
Backtrace for: #<SB-THREAD:THREAD "hunchentoot-worker-127.0.0.1:41094" RUNNING {B018CA9}>
0: (PARSE-INTEGER NIL :JUNK-ALLOWED T) [more,optional]
1: (WHEREISJOB::CONTROLLER-JOB)
2: ((:METHOD HUNCHENTOOT:HANDLE-REQUEST (HUNCHENTOOT:ACCEPTOR HUNCHENTOOT:REQUEST)) #<HUNCHENTOOT:EASY-ACCEPTOR (host *, port 8083)> #<HUNCHENTOOT:REQUEST {B02BDD9}>) [fast-method]
3: ((:METHOD HUNCHENTOOT:PROCESS-REQUEST (T)) #<HUNCHENTOOT:REQUEST {B02BDD9}>) [fast-method]
4: (HUNCHENTOOT::DO-WITH-ACCEPTOR-REQUEST-COUNT-INCREMENTED #<HUNCHENTOOT:EASY-ACCEPTOR (host *, port 8083)> #<CLOSURE (LAMBDA NIL :IN HUNCHENTOOT:PROCESS-CONNECTION) {B02B5ED}>)
5: ((:METHOD HUNCHENTOOT:PROCESS-CONNECTION (HUNCHENTOOT:ACCEPTOR T)) #<HUNCHENTOOT:EASY-ACCEPTOR (host *, port 8083)> #<USOCKET:STREAM-USOCKET {B0181A1}>) [fast-method]
6: ((:METHOD HUNCHENTOOT:PROCESS-CONNECTION :AROUND (HUNCHENTOOT:ACCEPTOR T)) #<HUNCHENTOOT:EASY-ACCEPTOR (host *, port 8083)> #<USOCKET:STREAM-USOCKET {B0181A1}>) [fast-method]
7: ((FLET HUNCHENTOOT::PROCESS-CONNECTION% :IN HUNCHENTOOT::HANDLE-INCOMING-CONNECTION%) #<HUNCHENTOOT:EASY-ACCEPTOR (host *, port 8083)> #<USOCKET:STREAM-USOCKET {B0181A1}>)
8: ((LAMBDA NIL :IN BORDEAUX-THREADS::BINDING-DEFAULT-SPECIALS))
9: ((FLET #:WITHOUT-INTERRUPTS-BODY-1195 :IN SB-THREAD::INITIAL-THREAD-FUNCTION-TRAMPOLINE))
10: ((FLET SB-THREAD::WITH-MUTEX-THUNK :IN SB-THREAD::INITIAL-THREAD-FUNCTION-TRAMPOLINE))
11: ((FLET #:WITHOUT-INTERRUPTS-BODY-647 :IN SB-THREAD::CALL-WITH-MUTEX))
12: (SB-THREAD::CALL-WITH-MUTEX #<CLOSURE (FLET SB-THREAD::WITH-MUTEX-THUNK :IN SB-THREAD::INITIAL-THREAD-FUNCTION-TRAMPOLINE) {A54E713D}> #<SB-THREAD:MUTEX "thread result lock" owner: #<SB-THREAD:THREAD "hunchentoot-worker-127.0.0.1:41094" RUNNING {B018CA9}>> NIL T NIL)
13: (SB-THREAD::INITIAL-THREAD-FUNCTION-TRAMPOLINE #<SB-THREAD:THREAD "hunchentoot-worker-127.0.0.1:41094" RUNNING {B018CA9}> #S(SB-THREAD:SEMAPHORE :NAME "Thread setup semaphore" :%COUNT 0 :WAITCOUNT 0 :MUTEX #<SB-THREAD:MUTEX (free) {B018CE1}> :QUEUE #<SB-THREAD:WAITQUEUE  {B018CF9}>) #<CLOSURE (LAMBDA NIL :IN BORDEAUX-THREADS::BINDING-DEFAULT-SPECIALS) {B018C5D}> NIL NIL NIL NIL)
14: ("foreign function: call_into_lisp")
15: ("foreign function: funcall0")
16: ("foreign function: new_thread_trampoline")
17: ("foreign function: #x529B69")

[2015-08-17 22:29:26 [ERROR]] The value NIL is not of type STRING.
Backtrace for: #<SB-THREAD:THREAD "hunchentoot-worker-127.0.0.1:41095" RUNNING {B0D90F9}>
0: (PARSE-INTEGER NIL :JUNK-ALLOWED T) [more,optional]
1: (WHEREISJOB::CONTROLLER-JOB)
2: ((:METHOD HUNCHENTOOT:HANDLE-REQUEST (HUNCHENTOOT:ACCEPTOR HUNCHENTOOT:REQUEST)) #<HUNCHENTOOT:EASY-ACCEPTOR (host *, port 8083)> #<HUNCHENTOOT:REQUEST {B22E839}>) [fast-method]
3: ((:METHOD HUNCHENTOOT:PROCESS-REQUEST (T)) #<HUNCHENTOOT:REQUEST {B22E839}>) [fast-method]
4: (HUNCHENTOOT::DO-WITH-ACCEPTOR-REQUEST-COUNT-INCREMENTED #<HUNCHENTOOT:EASY-ACCEPTOR (host *, port 8083)> #<CLOSURE (LAMBDA NIL :IN HUNCHENTOOT:PROCESS-CONNECTION) {B22E04D}>)
5: ((:METHOD HUNCHENTOOT:PROCESS-CONNECTION (HUNCHENTOOT:ACCEPTOR T)) #<HUNCHENTOOT:EASY-ACCEPTOR (host *, port 8083)> #<USOCKET:STREAM-USOCKET {B0D7569}>) [fast-method]
6: ((:METHOD HUNCHENTOOT:PROCESS-CONNECTION :AROUND (HUNCHENTOOT:ACCEPTOR T)) #<HUNCHENTOOT:EASY-ACCEPTOR (host *, port 8083)> #<USOCKET:STREAM-USOCKET {B0D7569}>) [fast-method]
7: ((FLET HUNCHENTOOT::PROCESS-CONNECTION% :IN HUNCHENTOOT::HANDLE-INCOMING-CONNECTION%) #<HUNCHENTOOT:EASY-ACCEPTOR (host *, port 8083)> #<USOCKET:STREAM-USOCKET {B0D7569}>)
8: ((LAMBDA NIL :IN BORDEAUX-THREADS::BINDING-DEFAULT-SPECIALS))
9: ((FLET #:WITHOUT-INTERRUPTS-BODY-1195 :IN SB-THREAD::INITIAL-THREAD-FUNCTION-TRAMPOLINE))
10: ((FLET SB-THREAD::WITH-MUTEX-THUNK :IN SB-THREAD::INITIAL-THREAD-FUNCTION-TRAMPOLINE))
11: ((FLET #:WITHOUT-INTERRUPTS-BODY-647 :IN SB-THREAD::CALL-WITH-MUTEX))
12: (SB-THREAD::CALL-WITH-MUTEX #<CLOSURE (FLET SB-THREAD::WITH-MUTEX-THUNK :IN SB-THREAD::INITIAL-THREAD-FUNCTION-TRAMPOLINE) {A4AB913D}> #<SB-THREAD:MUTEX "thread result lock" owner: #<SB-THREAD:THREAD "hunchentoot-worker-127.0.0.1:41095" RUNNING {B0D90F9}>> NIL T NIL)
13: (SB-THREAD::INITIAL-THREAD-FUNCTION-TRAMPOLINE #<SB-THREAD:THREAD "hunchentoot-worker-127.0.0.1:41095" RUNNING {B0D90F9}> #S(SB-THREAD:SEMAPHORE :NAME "Thread setup semaphore" :%COUNT 0 :WAITCOUNT 0 :MUTEX #<SB-THREAD:MUTEX (free) {B0D9131}> :QUEUE #<SB-THREAD:WAITQUEUE  {B0D9149}>) #<CLOSURE (LAMBDA NIL :IN BORDEAUX-THREADS::BINDING-DEFAULT-SPECIALS) {B0D90AD}> NIL NIL NIL NIL)
14: ("foreign function: call_into_lisp")
15: ("foreign function: funcall0")
16: ("foreign function: new_thread_trampoline")
17: ("foreign function: #x529B69")

[2015-08-17 22:29:26 [ERROR]] The value NIL is not of type STRING.
Backtrace for: #<SB-THREAD:THREAD "hunchentoot-worker-127.0.0.1:41093" RUNNING {AFD5549}>
0: (PARSE-INTEGER NIL :JUNK-ALLOWED T) [more,optional]
1: (WHEREISJOB::CONTROLLER-JOB)
2: ((:METHOD HUNCHENTOOT:HANDLE-REQUEST (HUNCHENTOOT:ACCEPTOR HUNCHENTOOT:REQUEST)) #<HUNCHENTOOT:EASY-ACCEPTOR (host *, port 8083)> #<HUNCHENTOOT:REQUEST {B30CB39}>) [fast-method]
3: ((:METHOD HUNCHENTOOT:PROCESS-REQUEST (T)) #<HUNCHENTOOT:REQUEST {B30CB39}>) [fast-method]
4: (HUNCHENTOOT::DO-WITH-ACCEPTOR-REQUEST-COUNT-INCREMENTED #<HUNCHENTOOT:EASY-ACCEPTOR (host *, port 8083)> #<CLOSURE (LAMBDA NIL :IN HUNCHENTOOT:PROCESS-CONNECTION) {B30C34D}>)
5: ((:METHOD HUNCHENTOOT:PROCESS-CONNECTION (HUNCHENTOOT:ACCEPTOR T)) #<HUNCHENTOOT:EASY-ACCEPTOR (host *, port 8083)> #<USOCKET:STREAM-USOCKET {AFD4A31}>) [fast-method]
6: ((:METHOD HUNCHENTOOT:PROCESS-CONNECTION :AROUND (HUNCHENTOOT:ACCEPTOR T)) #<HUNCHENTOOT:EASY-ACCEPTOR (host *, port 8083)> #<USOCKET:STREAM-USOCKET {AFD4A31}>) [fast-method]
7: ((FLET HUNCHENTOOT::PROCESS-CONNECTION% :IN HUNCHENTOOT::HANDLE-INCOMING-CONNECTION%) #<HUNCHENTOOT:EASY-ACCEPTOR (host *, port 8083)> #<USOCKET:STREAM-USOCKET {AFD4A31}>)
8: ((LAMBDA NIL :IN BORDEAUX-THREADS::BINDING-DEFAULT-SPECIALS))
9: ((FLET #:WITHOUT-INTERRUPTS-BODY-1195 :IN SB-THREAD::INITIAL-THREAD-FUNCTION-TRAMPOLINE))
10: ((FLET SB-THREAD::WITH-MUTEX-THUNK :IN SB-THREAD::INITIAL-THREAD-FUNCTION-TRAMPOLINE))
11: ((FLET #:WITHOUT-INTERRUPTS-BODY-647 :IN SB-THREAD::CALL-WITH-MUTEX))
12: (SB-THREAD::CALL-WITH-MUTEX #<CLOSURE (FLET SB-THREAD::WITH-MUTEX-THUNK :IN SB-THREAD::INITIAL-THREAD-FUNCTION-TRAMPOLINE) {A5D7313D}> #<SB-THREAD:MUTEX "thread result lock" owner: #<SB-THREAD:THREAD "hunchentoot-worker-127.0.0.1:41093" RUNNING {AFD5549}>> NIL T NIL)
13: (SB-THREAD::INITIAL-THREAD-FUNCTION-TRAMPOLINE #<SB-THREAD:THREAD "hunchentoot-worker-127.0.0.1:41093" RUNNING {AFD5549}> #S(SB-THREAD:SEMAPHORE :NAME "Thread setup semaphore" :%COUNT 0 :WAITCOUNT 0 :MUTEX #<SB-THREAD:MUTEX (free) {AFD5581}> :QUEUE #<SB-THREAD:WAITQUEUE  {AFD5599}>) #<CLOSURE (LAMBDA NIL :IN BORDEAUX-THREADS::BINDING-DEFAULT-SPECIALS) {AFD54FD}> NIL NIL NIL NIL)
14: ("foreign function: call_into_lisp")
15: ("foreign function: funcall0")
16: ("foreign function: new_thread_trampoline")
17: ("foreign function: #x529B69")

